# Sway and wayland
sway
swaybg
waybar
wl-clipboard
nwg-displays
xdg-desktop-portal
xdg-desktop-portal-wlr

# Theming
gnome-themes-extra
qt5ct
qt6ct
kvantum
kvantum-qt5
qt5-wayland
qt6-wayland

# Notifications
dunst

# zsh
zsh
zsh-completions
zsh-syntax-highlighting
starship

# Bluetooth
bluez
bluez-utils
blueman

# Wifi
network-manager-applet

# Pipewire
pipewire
wireplumber
pipewire-audio
pipewire-alsa
pipewire-pulse
pipewire-jack
pavucontrol

# Session lock
gtklock
swayidle

# Screenshots
grim
slurp

# Text editor
neovim

# Tools
stow
brightnessctl

# Fonts
ttf-mononoki-nerd
ttf-jetbrains-mono-nerd

# Additional applications
alacritty
firefox

